Buildfile: /home/g/g-dev/soi-messaging/tsoa-track/drop-latest-iepd/build.xml

test-config:
     [echo]  2016/12/23 12:19:57
     [echo] ${ant.version}: [ Apache Ant(TM) version 1.9.2 compiled on June 10 2014 ]
     [echo] ${ant.file}: [ /home/g/g-dev/soi-messaging/tsoa-track/drop-latest-iepd/build.xml ]
     [echo] ${basedir}: [ /home/g/g-dev/soi-messaging/tsoa-track/drop-latest-iepd ]
     [echo] ${ant.java.version}: [ 1.7 ]
     [echo] ${os.name}: [ Linux ]
     [echo] Enter 'ant -projecthelp' for information about tasks.

sync-source-to-target:
     [sync] Copying 252 resources to /home/g/g-dev/soi-messaging/tsoa-track/drop-latest-iepd/target
     [sync] Copying base-xsd/ic-ism/CVE/Schema/ogc/gml/3.2.1/SchematronConstraints.xml to /home/g/g-dev/soi-messaging/tsoa-track/drop-latest-iepd/target/base-xsd/ic-ism/CVE/Schema/ogc/gml/3.2.1/SchematronConstraints.xml
     [sync] Copying base-xsd/niem/appinfo/3.0/appinfo.xsd to /home/g/g-dev/soi-messaging/tsoa-track/drop-latest-iepd/target/base-xsd/niem/appinfo/3.0/appinfo.xsd
     [sync] Copying base-xsd/ic-ism/CVE/Schema/ogc/gml/3.2.1/observation.xsd to /home/g/g-dev/soi-messaging/tsoa-track/drop-latest-iepd/target/base-xsd/ic-ism/CVE/Schema/ogc/gml/3.2.1/observation.xsd
     [sync] Copying base-xsd/niem/localTerminology/3.0/localTerminology.xsd to /home/g/g-dev/soi-messaging/tsoa-track/drop-latest-iepd/target/base-xsd/niem/localTerminology/3.0/localTerminology.xsd
     [sync] Copying base-xsd/ic-ism/CVE/Schema/ogc/gml/3.2.1/defaultStyle.xsd to /home/g/g-dev/soi-messaging/tsoa-track/drop-latest-iepd/target/base-xsd/ic-ism/CVE/Schema/ogc/gml/3.2.1/defaultStyle.xsd
     [sync] Copying base-xsd/ic-ism/CVE/Schema/iso/19139/20070417/gmd/metadataEntity.xsd to /home/g/g-dev/soi-messaging/tsoa-track/drop-latest-iepd/target/base-xsd/ic-ism/CVE/Schema/iso/19139/20070417/gmd/metadataEntity.xsd
     [sync] Copying base-xsd/ic-ism/CVE/Schema/ogc/gaz/1.0.0/gaz.xsd to /home/g/g-dev/soi-messaging/tsoa-track/drop-latest-iepd/target/base-xsd/ic-ism/CVE/Schema/ogc/gaz/1.0.0/gaz.xsd
     [sync] Copying 02-distritution statement.txt to /home/g/g-dev/soi-messaging/tsoa-track/drop-latest-iepd/target/02-distritution statement.txt
     [sync] Copying base-xsd/niem/external/ogc/gml/3.2.1/coordinateReferenceSystems.xsd to /home/g/g-dev/soi-messaging/tsoa-track/drop-latest-iepd/target/base-xsd/niem/external/ogc/gml/3.2.1/coordinateReferenceSystems.xsd
     [sync] Copying base-xsd/niem/external/ogc/gml/3.2.1/dynamicFeature.xsd to /home/g/g-dev/soi-messaging/tsoa-track/drop-latest-iepd/target/base-xsd/niem/external/ogc/gml/3.2.1/dynamicFeature.xsd
     [sync] Copying base-xsd/ic-ism/CVE/Schema/iso/19139/20070417/resources/ReadMe.txt to /home/g/g-dev/soi-messaging/tsoa-track/drop-latest-iepd/target/base-xsd/ic-ism/CVE/Schema/iso/19139/20070417/resources/ReadMe.txt
     [sync] Copying base-xsd/niem/external/ogc/iso/19139/20070417/gmd/content.xsd to /home/g/g-dev/soi-messaging/tsoa-track/drop-latest-iepd/target/base-xsd/niem/external/ogc/iso/19139/20070417/gmd/content.xsd
     [sync] Copying base-xsd/niem/external/ogc/iso/19139/20070417/gmd/metadataExtension.xsd to /home/g/g-dev/soi-messaging/tsoa-track/drop-latest-iepd/target/base-xsd/niem/external/ogc/iso/19139/20070417/gmd/metadataExtension.xsd
     [sync] Copying base-xsd/ic-ism/CVE/Schema/iso/19139/20070417/gmx/gmx.xsd to /home/g/g-dev/soi-messaging/tsoa-track/drop-latest-iepd/target/base-xsd/ic-ism/CVE/Schema/iso/19139/20070417/gmx/gmx.xsd
     [sync] Copying base-xsd/ic-ism/CVE/Schema/ogc/gml/3.2.1/geometryPrimitives.xsd to /home/g/g-dev/soi-messaging/tsoa-track/drop-latest-iepd/target/base-xsd/ic-ism/CVE/Schema/ogc/gml/3.2.1/geometryPrimitives.xsd
     [sync] Copying base-xsd/extension/Track.xsd to /home/g/g-dev/soi-messaging/tsoa-track/drop-latest-iepd/target/base-xsd/extension/Track.xsd
     [sync] Copying base-xsd/niem/external/ogc/gml/3.2.1/temporal.xsd to /home/g/g-dev/soi-messaging/tsoa-track/drop-latest-iepd/target/base-xsd/niem/external/ogc/gml/3.2.1/temporal.xsd
     [sync] Copying base-xsd/niem/external/ogc/iso/19139/20070417/gmd/applicationSchema.xsd to /home/g/g-dev/soi-messaging/tsoa-track/drop-latest-iepd/target/base-xsd/niem/external/ogc/iso/19139/20070417/gmd/applicationSchema.xsd
     [sync] Copying base-xsd/ic-ism/CVE/Schema/NTK/IC-NTK.xsd to /home/g/g-dev/soi-messaging/tsoa-track/drop-latest-iepd/target/base-xsd/ic-ism/CVE/Schema/NTK/IC-NTK.xsd
     [sync] Copying base-xsd/niem/external/ogc/iso/19139/20070417/resources/crs/ML_gmxCrs.xml to /home/g/g-dev/soi-messaging/tsoa-track/drop-latest-iepd/target/base-xsd/niem/external/ogc/iso/19139/20070417/resources/crs/ML_gmxCrs.xml
     [sync] Copying base-xsd/niem/niem-core/3.0/niem-core.xsd to /home/g/g-dev/soi-messaging/tsoa-track/drop-latest-iepd/target/base-xsd/niem/niem-core/3.0/niem-core.xsd
     [sync] Copying base-xsd/ic-ism/CVE/Schema/iso/19139/20070417/gss/ReadMe.txt to /home/g/g-dev/soi-messaging/tsoa-track/drop-latest-iepd/target/base-xsd/ic-ism/CVE/Schema/iso/19139/20070417/gss/ReadMe.txt
     [sync] Copying base-xsd/ic-ism/CVE/Schema/iso/19139/20070417/gsr/gsr.xsd to /home/g/g-dev/soi-messaging/tsoa-track/drop-latest-iepd/target/base-xsd/ic-ism/CVE/Schema/iso/19139/20070417/gsr/gsr.xsd
     [sync] Copying base-xsd/ic-ism/CVE/Schema/iso/19139/20070417/resources/codelist/ML_gmxCodelists.xml to /home/g/g-dev/soi-messaging/tsoa-track/drop-latest-iepd/target/base-xsd/ic-ism/CVE/Schema/iso/19139/20070417/resources/codelist/ML_gmxCodelists.xml
     [sync] Copying base-xsd/niem/external/ogc/iso/19139/20070417/gts/temporalObjects.xsd to /home/g/g-dev/soi-messaging/tsoa-track/drop-latest-iepd/target/base-xsd/niem/external/ogc/iso/19139/20070417/gts/temporalObjects.xsd
     [sync] Copying base-xsd/niem/codes/nga_datum/3.0/nga_datum.xsd to /home/g/g-dev/soi-messaging/tsoa-track/drop-latest-iepd/target/base-xsd/niem/codes/nga_datum/3.0/nga_datum.xsd
     [sync] Copying 03-conformance statement.txt to /home/g/g-dev/soi-messaging/tsoa-track/drop-latest-iepd/target/03-conformance statement.txt
     [sync] Copying 01-changelog.txt to /home/g/g-dev/soi-messaging/tsoa-track/drop-latest-iepd/target/01-changelog.txt
     [sync] Copying base-xsd/ic-ism/CVE/Schema/iso/19139/20070417/resources/uom/ML_gmxUom.xml to /home/g/g-dev/soi-messaging/tsoa-track/drop-latest-iepd/target/base-xsd/ic-ism/CVE/Schema/iso/19139/20070417/resources/uom/ML_gmxUom.xml
     [sync] Copying base-xsd/niem/structures/3.0/structures.xsd to /home/g/g-dev/soi-messaging/tsoa-track/drop-latest-iepd/target/base-xsd/niem/structures/3.0/structures.xsd
     [sync] Copying base-xsd/ic-ism/CVE/Schema/ogc/gml/3.2.1/temporal.xsd to /home/g/g-dev/soi-messaging/tsoa-track/drop-latest-iepd/target/base-xsd/ic-ism/CVE/Schema/ogc/gml/3.2.1/temporal.xsd
     [sync] Copying base-xsd/ic-ism/CVE/Schema/iso/19139/20070417/gsr/ReadMe.txt to /home/g/g-dev/soi-messaging/tsoa-track/drop-latest-iepd/target/base-xsd/ic-ism/CVE/Schema/iso/19139/20070417/gsr/ReadMe.txt
     [sync] Copying base-xsd/ic-ism/CVE/Schema/iso/19139/20070417/gmd/freeText.xsd to /home/g/g-dev/soi-messaging/tsoa-track/drop-latest-iepd/target/base-xsd/ic-ism/CVE/Schema/iso/19139/20070417/gmd/freeText.xsd
     [sync] Copying base-xsd/ic-ism/CVE/Schema/iso/19139/20070417/gmd/citation.xsd to /home/g/g-dev/soi-messaging/tsoa-track/drop-latest-iepd/target/base-xsd/ic-ism/CVE/Schema/iso/19139/20070417/gmd/citation.xsd
     [sync] Copying base-xsd/ic-ism/CVE/Schema/iso/19139/20070417/gmx/gmxUsage.xsd to /home/g/g-dev/soi-messaging/tsoa-track/drop-latest-iepd/target/base-xsd/ic-ism/CVE/Schema/iso/19139/20070417/gmx/gmxUsage.xsd
     [sync] Copying base-xsd/ic-ism/CVE/Schema/tspi/2.0.0/tspi-ext.xsd to /home/g/g-dev/soi-messaging/tsoa-track/drop-latest-iepd/target/base-xsd/ic-ism/CVE/Schema/tspi/2.0.0/tspi-ext.xsd
     [sync] Copying base-xsd/niem/external/ogc/iso/19139/20070417/gmx/uomItem.xsd to /home/g/g-dev/soi-messaging/tsoa-track/drop-latest-iepd/target/base-xsd/niem/external/ogc/iso/19139/20070417/gmx/uomItem.xsd
     [sync] Copying base-xsd/niem/external/ogc/iso/19139/20070417/resources/Codelist/gmxCodelists.20080911.xml to /home/g/g-dev/soi-messaging/tsoa-track/drop-latest-iepd/target/base-xsd/niem/external/ogc/iso/19139/20070417/resources/Codelist/gmxCodelists.20080911.xml
     [sync] Copying base-xsd/niem/external/ogc/gml/3.2.1/direction.xsd to /home/g/g-dev/soi-messaging/tsoa-track/drop-latest-iepd/target/base-xsd/niem/external/ogc/gml/3.2.1/direction.xsd
     [sync] Copying documentation/TrackNIEM Mapping.xlsx to /home/g/g-dev/soi-messaging/tsoa-track/drop-latest-iepd/target/documentation/TrackNIEM Mapping.xlsx
     [sync] Copying base-xsd/ic-ism/CVE/Schema/fgdc/schema/address/addr.xsd to /home/g/g-dev/soi-messaging/tsoa-track/drop-latest-iepd/target/base-xsd/ic-ism/CVE/Schema/fgdc/schema/address/addr.xsd
     [sync] Copying base-xsd/ic-ism/CVE/Schema/CVEXml.xsd to /home/g/g-dev/soi-messaging/tsoa-track/drop-latest-iepd/target/base-xsd/ic-ism/CVE/Schema/CVEXml.xsd
     [sync] Copying base-xsd/niem/external/ogc/iso/19139/20070417/ReadMe.txt to /home/g/g-dev/soi-messaging/tsoa-track/drop-latest-iepd/target/base-xsd/niem/external/ogc/iso/19139/20070417/ReadMe.txt
     [sync] Copying base-xsd/ic-ism/CVE/Schema/w3/1999/xlink/xlink.xsd to /home/g/g-dev/soi-messaging/tsoa-track/drop-latest-iepd/target/base-xsd/ic-ism/CVE/Schema/w3/1999/xlink/xlink.xsd
     [sync] Copying base-xsd/niem/external/ogc/gml/3.2.1/measures.xsd to /home/g/g-dev/soi-messaging/tsoa-track/drop-latest-iepd/target/base-xsd/niem/external/ogc/gml/3.2.1/measures.xsd
     [sync] Copying base-xsd/niem/external/ogc/gml/3.2.1/basicTypes.xsd to /home/g/g-dev/soi-messaging/tsoa-track/drop-latest-iepd/target/base-xsd/niem/external/ogc/gml/3.2.1/basicTypes.xsd
     [sync] Copying base-xsd/niem/external/ogc/iso/19139/20070417/gmd/referenceSystem.xsd to /home/g/g-dev/soi-messaging/tsoa-track/drop-latest-iepd/target/base-xsd/niem/external/ogc/iso/19139/20070417/gmd/referenceSystem.xsd
     [sync] Copying base-xsd/extension/Library.xsd to /home/g/g-dev/soi-messaging/tsoa-track/drop-latest-iepd/target/base-xsd/extension/Library.xsd
     [sync] Copying base-xsd/niem/external/ogc/iso/19139/20070417/gmd/gmd.xsd to /home/g/g-dev/soi-messaging/tsoa-track/drop-latest-iepd/target/base-xsd/niem/external/ogc/iso/19139/20070417/gmd/gmd.xsd
     [sync] Copying sample-xml/Unit.xml to /home/g/g-dev/soi-messaging/tsoa-track/drop-latest-iepd/target/sample-xml/Unit.xml
     [sync] Copying base-xsd/ic-ism/CVE/Schema/iso/19139/20070417/gco/basicTypes.xsd to /home/g/g-dev/soi-messaging/tsoa-track/drop-latest-iepd/target/base-xsd/ic-ism/CVE/Schema/iso/19139/20070417/gco/basicTypes.xsd
     [sync] Copying base-xsd/niem/external/ogc/gml/3.2.1/gmlBase.xsd to /home/g/g-dev/soi-messaging/tsoa-track/drop-latest-iepd/target/base-xsd/niem/external/ogc/gml/3.2.1/gmlBase.xsd
     [sync] Copying base-xsd/niem/wantlist.xml to /home/g/g-dev/soi-messaging/tsoa-track/drop-latest-iepd/target/base-xsd/niem/wantlist.xml
     [sync] Copying base-xsd/extension/EventAmplification.xsd to /home/g/g-dev/soi-messaging/tsoa-track/drop-latest-iepd/target/base-xsd/extension/EventAmplification.xsd
     [sync] Copying base-xsd/ic-ism/CVE/Schema/w3/2001/SMIL20/xml-mod-4gml.xsd to /home/g/g-dev/soi-messaging/tsoa-track/drop-latest-iepd/target/base-xsd/ic-ism/CVE/Schema/w3/2001/SMIL20/xml-mod-4gml.xsd
     [sync] Copying base-xsd/ic-ism/CVE/Schema/iso/19112/BP_2012/si.xsd to /home/g/g-dev/soi-messaging/tsoa-track/drop-latest-iepd/target/base-xsd/ic-ism/CVE/Schema/iso/19112/BP_2012/si.xsd
     [sync] Copying base-xsd/ic-ism/CVE/Schema/iso/19139/20070417/ReadMe.txt to /home/g/g-dev/soi-messaging/tsoa-track/drop-latest-iepd/target/base-xsd/ic-ism/CVE/Schema/iso/19139/20070417/ReadMe.txt
     [sync] Copying base-xsd/ic-ism/CVE/Schema/ISM/CVEGenerated/CVEnumISMClassificationUS.xsd to /home/g/g-dev/soi-messaging/tsoa-track/drop-latest-iepd/target/base-xsd/ic-ism/CVE/Schema/ISM/CVEGenerated/CVEnumISMClassificationUS.xsd
     [sync] Copying base-xsd/ic-ism/CVE/Schema/iso/19139/20070417/gss/gss.xsd to /home/g/g-dev/soi-messaging/tsoa-track/drop-latest-iepd/target/base-xsd/ic-ism/CVE/Schema/iso/19139/20070417/gss/gss.xsd
     [sync] Copying base-xsd/niem/external/ogc/iso/19139/20070417/gco/gcoBase.xsd to /home/g/g-dev/soi-messaging/tsoa-track/drop-latest-iepd/target/base-xsd/niem/external/ogc/iso/19139/20070417/gco/gcoBase.xsd
     [sync] Copying base-xsd/ic-ism/CVE/Schema/ogc/gml/3.2.1/geometryAggregates.xsd to /home/g/g-dev/soi-messaging/tsoa-track/drop-latest-iepd/target/base-xsd/ic-ism/CVE/Schema/ogc/gml/3.2.1/geometryAggregates.xsd
     [sync] Copying base-xsd/ic-ism/CVE/Schema/ISM/CVEGenerated/CVEnumISMAttributes.xsd to /home/g/g-dev/soi-messaging/tsoa-track/drop-latest-iepd/target/base-xsd/ic-ism/CVE/Schema/ISM/CVEGenerated/CVEnumISMAttributes.xsd
     [sync] Copying base-xsd/ic-ism/CVE/Schema/iso/19139/20070417/gmx/uomItem.xsd to /home/g/g-dev/soi-messaging/tsoa-track/drop-latest-iepd/target/base-xsd/ic-ism/CVE/Schema/iso/19139/20070417/gmx/uomItem.xsd
     [sync] Copying base-xsd/ic-ism/CVE/Schema/iso/19139/20070417/gmd/portrayalCatalogue.xsd to /home/g/g-dev/soi-messaging/tsoa-track/drop-latest-iepd/target/base-xsd/ic-ism/CVE/Schema/iso/19139/20070417/gmd/portrayalCatalogue.xsd
     [sync] Copying base-xsd/niem/external/ogc/iso/19139/20070417/resources/Codelist/ML_gmxCodelists.xml to /home/g/g-dev/soi-messaging/tsoa-track/drop-latest-iepd/target/base-xsd/niem/external/ogc/iso/19139/20070417/resources/Codelist/ML_gmxCodelists.xml
     [sync] Copying base-xsd/ic-ism/CVE/Schema/ogc/gml/3.2.1/referenceSystems.xsd to /home/g/g-dev/soi-messaging/tsoa-track/drop-latest-iepd/target/base-xsd/ic-ism/CVE/Schema/ogc/gml/3.2.1/referenceSystems.xsd
     [sync] Copying base-xsd/niem/external/ogc/gml/3.2.1/coordinateOperations.xsd to /home/g/g-dev/soi-messaging/tsoa-track/drop-latest-iepd/target/base-xsd/niem/external/ogc/gml/3.2.1/coordinateOperations.xsd
     [sync] Copying base-xsd/ic-ism/CVE/Schema/iso/19139/20070417/gmd/maintenance.xsd to /home/g/g-dev/soi-messaging/tsoa-track/drop-latest-iepd/target/base-xsd/ic-ism/CVE/Schema/iso/19139/20070417/gmd/maintenance.xsd
     [sync] Copying base-xsd/ic-ism/CVE/Schema/iso/19139/20070417/gmd/dataQuality.xsd to /home/g/g-dev/soi-messaging/tsoa-track/drop-latest-iepd/target/base-xsd/ic-ism/CVE/Schema/iso/19139/20070417/gmd/dataQuality.xsd
     [sync] Copying base-xsd/niem/domains/maritime/3.2/maritime.xsd to /home/g/g-dev/soi-messaging/tsoa-track/drop-latest-iepd/target/base-xsd/niem/domains/maritime/3.2/maritime.xsd
     [sync] Copying base-xsd/ic-ism/CVE/Schema/iso/19139/20070417/gmd/metadataApplication.xsd to /home/g/g-dev/soi-messaging/tsoa-track/drop-latest-iepd/target/base-xsd/ic-ism/CVE/Schema/iso/19139/20070417/gmd/metadataApplication.xsd
     [sync] Copying base-xsd/ic-ism/CVE/Schema/ISM/CVEGenerated/CVEnumISMClassificationAll.xsd to /home/g/g-dev/soi-messaging/tsoa-track/drop-latest-iepd/target/base-xsd/ic-ism/CVE/Schema/ISM/CVEGenerated/CVEnumISMClassificationAll.xsd
     [sync] Copying base-xsd/ic-ism/CVE/Schema/DDMS/DDMS-Includes.xsd to /home/g/g-dev/soi-messaging/tsoa-track/drop-latest-iepd/target/base-xsd/ic-ism/CVE/Schema/DDMS/DDMS-Includes.xsd
     [sync] Copying base-xsd/ic-ism/CVE/Schema/ogc/gml/3.3/linearRefOffset.xsd to /home/g/g-dev/soi-messaging/tsoa-track/drop-latest-iepd/target/base-xsd/ic-ism/CVE/Schema/ogc/gml/3.3/linearRefOffset.xsd
     [sync] Copying base-xsd/niem/external/ogc/gml/3.2.1/temporalTopology.xsd to /home/g/g-dev/soi-messaging/tsoa-track/drop-latest-iepd/target/base-xsd/niem/external/ogc/gml/3.2.1/temporalTopology.xsd
     [sync] Copying sample-xml/Unit_All.xml to /home/g/g-dev/soi-messaging/tsoa-track/drop-latest-iepd/target/sample-xml/Unit_All.xml
     [sync] Copying base-xsd/ic-ism/CVE/Schema/DDMS/DDMS-v5.xsd to /home/g/g-dev/soi-messaging/tsoa-track/drop-latest-iepd/target/base-xsd/ic-ism/CVE/Schema/DDMS/DDMS-v5.xsd
     [sync] Copying base-xsd/extension/TrackInfo.xsd to /home/g/g-dev/soi-messaging/tsoa-track/drop-latest-iepd/target/base-xsd/extension/TrackInfo.xsd
     [sync] Copying base-xsd/niem/external/ogc/gml/3.2.1/grids.xsd to /home/g/g-dev/soi-messaging/tsoa-track/drop-latest-iepd/target/base-xsd/niem/external/ogc/gml/3.2.1/grids.xsd
     [sync] Copying base-xsd/extension/GeneralLibrary.xsd to /home/g/g-dev/soi-messaging/tsoa-track/drop-latest-iepd/target/base-xsd/extension/GeneralLibrary.xsd
     [sync] Copying base-xsd/ic-ism/CVE/Schema/ISMCAT/CVEGenerated/CVEnumISMCATFGIOpen.xsd to /home/g/g-dev/soi-messaging/tsoa-track/drop-latest-iepd/target/base-xsd/ic-ism/CVE/Schema/ISMCAT/CVEGenerated/CVEnumISMCATFGIOpen.xsd
     [sync] Copying base-xsd/niem/external/ogc/iso/19139/20070417/gmd/portrayalCatalogue.xsd to /home/g/g-dev/soi-messaging/tsoa-track/drop-latest-iepd/target/base-xsd/niem/external/ogc/iso/19139/20070417/gmd/portrayalCatalogue.xsd
     [sync] Copying base-xsd/niem/external/ogc/iso/19139/20070417/gmd/metadataApplication.xsd to /home/g/g-dev/soi-messaging/tsoa-track/drop-latest-iepd/target/base-xsd/niem/external/ogc/iso/19139/20070417/gmd/metadataApplication.xsd
     [sync] Copying base-xsd/niem/external/ogc/gml/3.2.1/dictionary.xsd to /home/g/g-dev/soi-messaging/tsoa-track/drop-latest-iepd/target/base-xsd/niem/external/ogc/gml/3.2.1/dictionary.xsd
     [sync] Copying base-xsd/niem/external/ogc/iso/19139/20070417/gmx/gmx.xsd to /home/g/g-dev/soi-messaging/tsoa-track/drop-latest-iepd/target/base-xsd/niem/external/ogc/iso/19139/20070417/gmx/gmx.xsd
     [sync] Copying base-xsd/ic-ism/CVE/Schema/w3/2001/SMIL20/smil20-4gml.xsd to /home/g/g-dev/soi-messaging/tsoa-track/drop-latest-iepd/target/base-xsd/ic-ism/CVE/Schema/w3/2001/SMIL20/smil20-4gml.xsd
     [sync] Copying base-xsd/ic-ism/CVE/Schema/iso/19139/20070417/gco/ReadMe.txt to /home/g/g-dev/soi-messaging/tsoa-track/drop-latest-iepd/target/base-xsd/ic-ism/CVE/Schema/iso/19139/20070417/gco/ReadMe.txt
     [sync] Copying base-xsd/ic-ism/CVE/Schema/iso/19112/BP_2012/dictionaries/gsipCodelistGeoIdentifierBibliographicTypeCodeDictionary.xml to /home/g/g-dev/soi-messaging/tsoa-track/drop-latest-iepd/target/base-xsd/ic-ism/CVE/Schema/iso/19112/BP_2012/dictionaries/gsipCodelistGeoIdentifierBibliographicTypeCodeDictionary.xml
     [sync] Copying base-xsd/niem/external/ogc/gml/3.2.1/observation.xsd to /home/g/g-dev/soi-messaging/tsoa-track/drop-latest-iepd/target/base-xsd/niem/external/ogc/gml/3.2.1/observation.xsd
     [sync] Copying base-xsd/ic-ism/CVE/Schema/iso/19139/20070417/gsr/spatialReferencing.xsd to /home/g/g-dev/soi-messaging/tsoa-track/drop-latest-iepd/target/base-xsd/ic-ism/CVE/Schema/iso/19139/20070417/gsr/spatialReferencing.xsd
     [sync] Copying base-xsd/ic-ism/CVE/Schema/ogc/gml/3.2.1/temporalTopology.xsd to /home/g/g-dev/soi-messaging/tsoa-track/drop-latest-iepd/target/base-xsd/ic-ism/CVE/Schema/ogc/gml/3.2.1/temporalTopology.xsd
     [sync] Copying base-xsd/ic-ism/CVE/Schema/ISMCAT/CVEGenerated/CVEnumISMCATRelTo.xsd to /home/g/g-dev/soi-messaging/tsoa-track/drop-latest-iepd/target/base-xsd/ic-ism/CVE/Schema/ISMCAT/CVEGenerated/CVEnumISMCATRelTo.xsd
     [sync] Copying base-xsd/ic-ism/CVE/Schema/iso/19112/BP_2012/dictionaries/gsipCodelistGeoIdentifierIDTypeCodeDictionary.xml to /home/g/g-dev/soi-messaging/tsoa-track/drop-latest-iepd/target/base-xsd/ic-ism/CVE/Schema/iso/19112/BP_2012/dictionaries/gsipCodelistGeoIdentifierIDTypeCodeDictionary.xml
     [sync] Copying base-xsd/ic-ism/CVE/Schema/iso/19139/20070417/gco/gco.xsd to /home/g/g-dev/soi-messaging/tsoa-track/drop-latest-iepd/target/base-xsd/ic-ism/CVE/Schema/iso/19139/20070417/gco/gco.xsd
     [sync] Copying base-xsd/ic-ism/CVE/Schema/tspi/2.0.0/tspi.xsd to /home/g/g-dev/soi-messaging/tsoa-track/drop-latest-iepd/target/base-xsd/ic-ism/CVE/Schema/tspi/2.0.0/tspi.xsd
     [sync] Copying base-xsd/niem/domains/militaryOperations/3.2/mo.xsd to /home/g/g-dev/soi-messaging/tsoa-track/drop-latest-iepd/target/base-xsd/niem/domains/militaryOperations/3.2/mo.xsd
     [sync] Copying base-xsd/niem/external/ogc/gml/3.2.1/gml.xsd to /home/g/g-dev/soi-messaging/tsoa-track/drop-latest-iepd/target/base-xsd/niem/external/ogc/gml/3.2.1/gml.xsd
     [sync] Copying base-xsd/ic-ism/CVE/Schema/iso/19139/20070417/resources/codelist/gmxCodelists.xml to /home/g/g-dev/soi-messaging/tsoa-track/drop-latest-iepd/target/base-xsd/ic-ism/CVE/Schema/iso/19139/20070417/resources/codelist/gmxCodelists.xml
     [sync] Copying base-xsd/ic-ism/CVE/Schema/ogc/gml/3.2.1/gml_3_2_1-ReadMe.txt to /home/g/g-dev/soi-messaging/tsoa-track/drop-latest-iepd/target/base-xsd/ic-ism/CVE/Schema/ogc/gml/3.2.1/gml_3_2_1-ReadMe.txt
     [sync] Copying base-xsd/ic-ism/CVE/Schema/w3/2001/xml.xsd to /home/g/g-dev/soi-messaging/tsoa-track/drop-latest-iepd/target/base-xsd/ic-ism/CVE/Schema/w3/2001/xml.xsd
     [sync] Copying base-xsd/niem/external/ogc/iso/19139/20070417/gts/gts.xsd to /home/g/g-dev/soi-messaging/tsoa-track/drop-latest-iepd/target/base-xsd/niem/external/ogc/iso/19139/20070417/gts/gts.xsd
     [sync] Copying base-xsd/niem/external/ogc/iso/19139/20070417/resources/crs/gmxCrs.xml to /home/g/g-dev/soi-messaging/tsoa-track/drop-latest-iepd/target/base-xsd/niem/external/ogc/iso/19139/20070417/resources/crs/gmxCrs.xml
     [sync] Copying base-xsd/niem/external/ogc/iso/19139/20070417/gss/geometry.xsd to /home/g/g-dev/soi-messaging/tsoa-track/drop-latest-iepd/target/base-xsd/niem/external/ogc/iso/19139/20070417/gss/geometry.xsd
     [sync] Copying base-xsd/ic-ism/CVE/Schema/w3/1999/xhtml/xhtml1-strict.xsd to /home/g/g-dev/soi-messaging/tsoa-track/drop-latest-iepd/target/base-xsd/ic-ism/CVE/Schema/w3/1999/xhtml/xhtml1-strict.xsd
     [sync] Copying base-xsd/ic-ism/CVE/Schema/iso/19139/20070417/gmd/identification.xsd to /home/g/g-dev/soi-messaging/tsoa-track/drop-latest-iepd/target/base-xsd/ic-ism/CVE/Schema/iso/19139/20070417/gmd/identification.xsd
     [sync] Copying base-xsd/ic-ism/CVE/Schema/ogc/gml/3.2.1/geometryBasic0d1d.xsd to /home/g/g-dev/soi-messaging/tsoa-track/drop-latest-iepd/target/base-xsd/ic-ism/CVE/Schema/ogc/gml/3.2.1/geometryBasic0d1d.xsd
     [sync] Copying base-xsd/ic-ism/CVE/Schema/ogc/gml/3.2.1/feature.xsd to /home/g/g-dev/soi-messaging/tsoa-track/drop-latest-iepd/target/base-xsd/ic-ism/CVE/Schema/ogc/gml/3.2.1/feature.xsd
     [sync] Copying base-xsd/ic-ism/CVE/Schema/IC-COMMON/IC-Common.xsd to /home/g/g-dev/soi-messaging/tsoa-track/drop-latest-iepd/target/base-xsd/ic-ism/CVE/Schema/IC-COMMON/IC-Common.xsd
     [sync] Copying base-xsd/ic-ism/CVE/Schema/ISM/CVEGenerated/CVEnumISMPocType.xsd to /home/g/g-dev/soi-messaging/tsoa-track/drop-latest-iepd/target/base-xsd/ic-ism/CVE/Schema/ISM/CVEGenerated/CVEnumISMPocType.xsd
     [sync] Copying base-xsd/niem/external/ogc/gml/3.2.1/coordinateSystems.xsd to /home/g/g-dev/soi-messaging/tsoa-track/drop-latest-iepd/target/base-xsd/niem/external/ogc/gml/3.2.1/coordinateSystems.xsd
     [sync] Copying base-xsd/ic-ism/CVE/Schema/iso/19139/20070417/gmd/referenceSystem.xsd to /home/g/g-dev/soi-messaging/tsoa-track/drop-latest-iepd/target/base-xsd/ic-ism/CVE/Schema/iso/19139/20070417/gmd/referenceSystem.xsd
     [sync] Copying base-xsd/ic-ism/CVE/Schema/iso/19139/20070417/gmx/catalogues.xsd to /home/g/g-dev/soi-messaging/tsoa-track/drop-latest-iepd/target/base-xsd/ic-ism/CVE/Schema/iso/19139/20070417/gmx/catalogues.xsd
     [sync] Copying base-xsd/ic-ism/CVE/Schema/iso/19139/20070417/resources/codelist/tcCodelists.xml to /home/g/g-dev/soi-messaging/tsoa-track/drop-latest-iepd/target/base-xsd/ic-ism/CVE/Schema/iso/19139/20070417/resources/codelist/tcCodelists.xml
     [sync] Copying base-xsd/ic-ism/CVE/Schema/iso/19139/20070417/gmd/constraints.xsd to /home/g/g-dev/soi-messaging/tsoa-track/drop-latest-iepd/target/base-xsd/ic-ism/CVE/Schema/iso/19139/20070417/gmd/constraints.xsd
     [sync] Copying base-xsd/niem/external/ogc/gml/3.2.1/deprecatedTypes.xsd to /home/g/g-dev/soi-messaging/tsoa-track/drop-latest-iepd/target/base-xsd/niem/external/ogc/gml/3.2.1/deprecatedTypes.xsd
     [sync] Copying base-xsd/ic-ism/CVE/Schema/ISM/CVEGenerated/CVEnumISMExemptFrom.xsd to /home/g/g-dev/soi-messaging/tsoa-track/drop-latest-iepd/target/base-xsd/ic-ism/CVE/Schema/ISM/CVEGenerated/CVEnumISMExemptFrom.xsd
     [sync] Copying base-xsd/ic-ism/CVE/Schema/ISM/CVEGenerated/CVEnumISMNonUSControls.xsd to /home/g/g-dev/soi-messaging/tsoa-track/drop-latest-iepd/target/base-xsd/ic-ism/CVE/Schema/ISM/CVEGenerated/CVEnumISMNonUSControls.xsd
     [sync] Copying base-xsd/niem/xml-catalog.xml to /home/g/g-dev/soi-messaging/tsoa-track/drop-latest-iepd/target/base-xsd/niem/xml-catalog.xml
     [sync] Copying base-xsd/ic-ism/CVE/Schema/iso/19139/20070417/resources/crs/gmxCrs.xml to /home/g/g-dev/soi-messaging/tsoa-track/drop-latest-iepd/target/base-xsd/ic-ism/CVE/Schema/iso/19139/20070417/resources/crs/gmxCrs.xml
     [sync] Copying base-xsd/niem/domains/jxdm/5.2/jxdm.xsd to /home/g/g-dev/soi-messaging/tsoa-track/drop-latest-iepd/target/base-xsd/niem/domains/jxdm/5.2/jxdm.xsd
     [sync] Copying base-xsd/niem/domains/cbrn/3.2/cbrn.xsd to /home/g/g-dev/soi-messaging/tsoa-track/drop-latest-iepd/target/base-xsd/niem/domains/cbrn/3.2/cbrn.xsd
     [sync] Copying base-xsd/niem/external/ogc/iso/19139/20070417/gmd/freeText.xsd to /home/g/g-dev/soi-messaging/tsoa-track/drop-latest-iepd/target/base-xsd/niem/external/ogc/iso/19139/20070417/gmd/freeText.xsd
     [sync] Copying base-xsd/niem/external/ogc/gml/3.2.1/ReadMe.txt to /home/g/g-dev/soi-messaging/tsoa-track/drop-latest-iepd/target/base-xsd/niem/external/ogc/gml/3.2.1/ReadMe.txt
     [sync] Copying base-xsd/ic-ism/CVE/Schema/iso/19139/20070417/gmd/extent.xsd to /home/g/g-dev/soi-messaging/tsoa-track/drop-latest-iepd/target/base-xsd/ic-ism/CVE/Schema/iso/19139/20070417/gmd/extent.xsd
     [sync] Copying base-xsd/ic-ism/CVE/Schema/ISM/CVEGenerated/CVEnumISMSAR.xsd to /home/g/g-dev/soi-messaging/tsoa-track/drop-latest-iepd/target/base-xsd/ic-ism/CVE/Schema/ISM/CVEGenerated/CVEnumISMSAR.xsd
     [sync] Copying base-xsd/ic-ism/CVE/Schema/VIRT/CVEGenerated/CVEnumVIRTNetworkName.xsd to /home/g/g-dev/soi-messaging/tsoa-track/drop-latest-iepd/target/base-xsd/ic-ism/CVE/Schema/VIRT/CVEGenerated/CVEnumVIRTNetworkName.xsd
     [sync] Copying base-xsd/ic-ism/CVE/Schema/tspi/2.0.0/tspi-core.xsd to /home/g/g-dev/soi-messaging/tsoa-track/drop-latest-iepd/target/base-xsd/ic-ism/CVE/Schema/tspi/2.0.0/tspi-core.xsd
     [sync] Copying base-xsd/ic-ism/CVE/Schema/iso/19139/20070417/gmx/ReadMe.txt to /home/g/g-dev/soi-messaging/tsoa-track/drop-latest-iepd/target/base-xsd/ic-ism/CVE/Schema/iso/19139/20070417/gmx/ReadMe.txt
     [sync] Copying base-xsd/niem/external/ogc/gml/3.2.1/geometryComplexes.xsd to /home/g/g-dev/soi-messaging/tsoa-track/drop-latest-iepd/target/base-xsd/niem/external/ogc/gml/3.2.1/geometryComplexes.xsd
     [sync] Copying base-xsd/TSOA.xpr to /home/g/g-dev/soi-messaging/tsoa-track/drop-latest-iepd/target/base-xsd/TSOA.xpr
     [sync] Copying base-xsd/ic-ism/CVE/Schema/iso/19112/BP_2012/dictionaries/ISO3166-1.xml to /home/g/g-dev/soi-messaging/tsoa-track/drop-latest-iepd/target/base-xsd/ic-ism/CVE/Schema/iso/19112/BP_2012/dictionaries/ISO3166-1.xml
     [sync] Copying base-xsd/ic-ism/CVE/Schema/ogc/gml/3.3/extdEncRule.xsd to /home/g/g-dev/soi-messaging/tsoa-track/drop-latest-iepd/target/base-xsd/ic-ism/CVE/Schema/ogc/gml/3.3/extdEncRule.xsd
     [sync] Copying base-xsd/ic-ism/CVE/Schema/iso/19139/20070417/gmd/gmd.xsd to /home/g/g-dev/soi-messaging/tsoa-track/drop-latest-iepd/target/base-xsd/ic-ism/CVE/Schema/iso/19139/20070417/gmd/gmd.xsd
     [sync] Copying base-xsd/ic-ism/CVE/Schema/ogc/gml/3.2.1/coordinateOperations.xsd to /home/g/g-dev/soi-messaging/tsoa-track/drop-latest-iepd/target/base-xsd/ic-ism/CVE/Schema/ogc/gml/3.2.1/coordinateOperations.xsd
     [sync] Copying base-xsd/ic-ism/CVE/Schema/ogc/gml/3.2.1/coverage.xsd to /home/g/g-dev/soi-messaging/tsoa-track/drop-latest-iepd/target/base-xsd/ic-ism/CVE/Schema/ogc/gml/3.2.1/coverage.xsd
     [sync] Copying base-xsd/ic-ism/CVE/Schema/ogc/gml/3.2.1/dictionary.xsd to /home/g/g-dev/soi-messaging/tsoa-track/drop-latest-iepd/target/base-xsd/ic-ism/CVE/Schema/ogc/gml/3.2.1/dictionary.xsd
     [sync] Copying base-xsd/niem/external/ogc/iso/19139/20070417/gmd/distribution.xsd to /home/g/g-dev/soi-messaging/tsoa-track/drop-latest-iepd/target/base-xsd/niem/external/ogc/iso/19139/20070417/gmd/distribution.xsd
     [sync] Copying base-xsd/ic-ism/CVE/Schema/ogc/gml/3.2.1/valueObjects.xsd to /home/g/g-dev/soi-messaging/tsoa-track/drop-latest-iepd/target/base-xsd/ic-ism/CVE/Schema/ogc/gml/3.2.1/valueObjects.xsd
     [sync] Copying base-xsd/ic-ism/CVE/Schema/iso/19139/20070417/gts/ReadMe.txt to /home/g/g-dev/soi-messaging/tsoa-track/drop-latest-iepd/target/base-xsd/ic-ism/CVE/Schema/iso/19139/20070417/gts/ReadMe.txt
     [sync] Copying base-xsd/niem/external/ogc/gml/3.2.1/topology.xsd to /home/g/g-dev/soi-messaging/tsoa-track/drop-latest-iepd/target/base-xsd/niem/external/ogc/gml/3.2.1/topology.xsd
     [sync] Copying base-xsd/extension/Unit.xsd to /home/g/g-dev/soi-messaging/tsoa-track/drop-latest-iepd/target/base-xsd/extension/Unit.xsd
     [sync] Copying base-xsd/ic-ism/CVE/Schema/ogc/gml/3.2.1/basicTypes.xsd to /home/g/g-dev/soi-messaging/tsoa-track/drop-latest-iepd/target/base-xsd/ic-ism/CVE/Schema/ogc/gml/3.2.1/basicTypes.xsd
     [sync] Copying base-xsd/niem/external/ogc/iso/19139/20070417/gmd/extent.xsd to /home/g/g-dev/soi-messaging/tsoa-track/drop-latest-iepd/target/base-xsd/niem/external/ogc/iso/19139/20070417/gmd/extent.xsd
     [sync] Copying base-xsd/niem/external/ogc/iso/19139/20070417/gmd/constraints.xsd to /home/g/g-dev/soi-messaging/tsoa-track/drop-latest-iepd/target/base-xsd/niem/external/ogc/iso/19139/20070417/gmd/constraints.xsd
     [sync] Copying base-xsd/ic-ism/CVE/Schema/iso/19112/BP_2012/dictionaries/ISO639-3.xml to /home/g/g-dev/soi-messaging/tsoa-track/drop-latest-iepd/target/base-xsd/ic-ism/CVE/Schema/iso/19112/BP_2012/dictionaries/ISO639-3.xml
     [sync] Copying base-xsd/ic-ism/CVE/Schema/w3/2001/XMLSchema.xsd to /home/g/g-dev/soi-messaging/tsoa-track/drop-latest-iepd/target/base-xsd/ic-ism/CVE/Schema/w3/2001/XMLSchema.xsd
     [sync] Copying base-xsd/ic-ism/CVE/Schema/ogc/gaz/1.0.0/gsipCodelistGeoIdentifierDesignationTypeCodeDictionary.xml to /home/g/g-dev/soi-messaging/tsoa-track/drop-latest-iepd/target/base-xsd/ic-ism/CVE/Schema/ogc/gaz/1.0.0/gsipCodelistGeoIdentifierDesignationTypeCodeDictionary.xml
     [sync] Copying base-xsd/ic-ism/CVE/Schema/iso/19139/20070417/resources/uom/gmxUom.xml to /home/g/g-dev/soi-messaging/tsoa-track/drop-latest-iepd/target/base-xsd/ic-ism/CVE/Schema/iso/19139/20070417/resources/uom/gmxUom.xml
     [sync] Copying base-xsd/ic-ism/CVE/Schema/ISM/CVEGenerated/CVEnumISMCompliesWith.xsd to /home/g/g-dev/soi-messaging/tsoa-track/drop-latest-iepd/target/base-xsd/ic-ism/CVE/Schema/ISM/CVEGenerated/CVEnumISMCompliesWith.xsd
     [sync] Copying base-xsd/ic-ism/CVE/Schema/ogc/gml/3.2.1/deprecatedTypes.xsd to /home/g/g-dev/soi-messaging/tsoa-track/drop-latest-iepd/target/base-xsd/ic-ism/CVE/Schema/ogc/gml/3.2.1/deprecatedTypes.xsd
     [sync] Copying mpd-catalog.xml to /home/g/g-dev/soi-messaging/tsoa-track/drop-latest-iepd/target/mpd-catalog.xml
     [sync] Copying base-xsd/niem/external/ogc/iso/19139/20070417/gmx/extendedTypes.xsd to /home/g/g-dev/soi-messaging/tsoa-track/drop-latest-iepd/target/base-xsd/niem/external/ogc/iso/19139/20070417/gmx/extendedTypes.xsd
     [sync] Copying base-xsd/ic-ism/CVE/Schema/iso/19112/BP_2012/dictionaries/ISO15924_2004.xml to /home/g/g-dev/soi-messaging/tsoa-track/drop-latest-iepd/target/base-xsd/ic-ism/CVE/Schema/iso/19112/BP_2012/dictionaries/ISO15924_2004.xml
     [sync] Copying base-xsd/ic-ism/CVE/Schema/w3/2001/SMIL20/smil20-language-4gml.xsd to /home/g/g-dev/soi-messaging/tsoa-track/drop-latest-iepd/target/base-xsd/ic-ism/CVE/Schema/w3/2001/SMIL20/smil20-language-4gml.xsd
     [sync] Copying base-xsd/ic-ism/CVE/Schema/ogc/gml/3.2.1/units.xsd to /home/g/g-dev/soi-messaging/tsoa-track/drop-latest-iepd/target/base-xsd/ic-ism/CVE/Schema/ogc/gml/3.2.1/units.xsd
     [sync] Copying base-xsd/ic-ism/CVE/Schema/iso/19139/20070417/gmd/applicationSchema.xsd to /home/g/g-dev/soi-messaging/tsoa-track/drop-latest-iepd/target/base-xsd/ic-ism/CVE/Schema/iso/19139/20070417/gmd/applicationSchema.xsd
     [sync] Copying base-xsd/ic-ism/CVE/Schema/ISM/CVEGenerated/CVEnumISM25X.xsd to /home/g/g-dev/soi-messaging/tsoa-track/drop-latest-iepd/target/base-xsd/ic-ism/CVE/Schema/ISM/CVEGenerated/CVEnumISM25X.xsd
     [sync] Copying base-xsd/niem/codes/unece_rec20/3.0/unece_rec20-misc.xsd to /home/g/g-dev/soi-messaging/tsoa-track/drop-latest-iepd/target/base-xsd/niem/codes/unece_rec20/3.0/unece_rec20-misc.xsd
     [sync] Copying base-xsd/ic-ism/CVE/Schema/ISMCAT/CVEGenerated/CVEnumISMCATOwnerProducer.xsd to /home/g/g-dev/soi-messaging/tsoa-track/drop-latest-iepd/target/base-xsd/ic-ism/CVE/Schema/ISMCAT/CVEGenerated/CVEnumISMCATOwnerProducer.xsd
     [sync] Copying base-xsd/niem/external/ogc/iso/19139/20070417/gco/gco.xsd to /home/g/g-dev/soi-messaging/tsoa-track/drop-latest-iepd/target/base-xsd/niem/external/ogc/iso/19139/20070417/gco/gco.xsd
     [sync] Copying base-xsd/niem/external/ogc/gml/3.2.1/valueObjects.xsd to /home/g/g-dev/soi-messaging/tsoa-track/drop-latest-iepd/target/base-xsd/niem/external/ogc/gml/3.2.1/valueObjects.xsd
     [sync] Copying base-xsd/niem/external/ogc/gml/3.2.1/coverage.xsd to /home/g/g-dev/soi-messaging/tsoa-track/drop-latest-iepd/target/base-xsd/niem/external/ogc/gml/3.2.1/coverage.xsd
     [sync] Copying base-xsd/niem/external/ogc/iso/19139/20070417/gss/gss.xsd to /home/g/g-dev/soi-messaging/tsoa-track/drop-latest-iepd/target/base-xsd/niem/external/ogc/iso/19139/20070417/gss/gss.xsd
     [sync] Copying base-xsd/niem/external/ogc/iso/19139/20070417/gmx/codelistItem.xsd to /home/g/g-dev/soi-messaging/tsoa-track/drop-latest-iepd/target/base-xsd/niem/external/ogc/iso/19139/20070417/gmx/codelistItem.xsd
     [sync] Copying base-xsd/ic-ism/CVE/Schema/ogc/gml/3.2.1/temporalReferenceSystems.xsd to /home/g/g-dev/soi-messaging/tsoa-track/drop-latest-iepd/target/base-xsd/ic-ism/CVE/Schema/ogc/gml/3.2.1/temporalReferenceSystems.xsd
     [sync] Copying base-xsd/niem/conformanceTargets/3.0/conformanceTargets.xsd to /home/g/g-dev/soi-messaging/tsoa-track/drop-latest-iepd/target/base-xsd/niem/conformanceTargets/3.0/conformanceTargets.xsd
     [sync] Copying base-xsd/niem/proxy/xsd/3.0/xs.xsd to /home/g/g-dev/soi-messaging/tsoa-track/drop-latest-iepd/target/base-xsd/niem/proxy/xsd/3.0/xs.xsd
     [sync] Copying 00-readme.txt to /home/g/g-dev/soi-messaging/tsoa-track/drop-latest-iepd/target/00-readme.txt
     [sync] Copying base-xsd/ic-ism/CVE/Schema/ISM/CVEGenerated/CVEnumISMNonIC.xsd to /home/g/g-dev/soi-messaging/tsoa-track/drop-latest-iepd/target/base-xsd/ic-ism/CVE/Schema/ISM/CVEGenerated/CVEnumISMNonIC.xsd
     [sync] Copying base-xsd/ic-ism/CVE/Schema/ogc/gml/3.3/referenceableGrid.xsd to /home/g/g-dev/soi-messaging/tsoa-track/drop-latest-iepd/target/base-xsd/ic-ism/CVE/Schema/ogc/gml/3.3/referenceableGrid.xsd
     [sync] Copying base-xsd/ic-ism/CVE/Schema/iso/19139/20070417/gmd/content.xsd to /home/g/g-dev/soi-messaging/tsoa-track/drop-latest-iepd/target/base-xsd/ic-ism/CVE/Schema/iso/19139/20070417/gmd/content.xsd
     [sync] Copying base-xsd/ic-ism/CVE/Schema/ogc/gml/3.2.1/dynamicFeature.xsd to /home/g/g-dev/soi-messaging/tsoa-track/drop-latest-iepd/target/base-xsd/ic-ism/CVE/Schema/ogc/gml/3.2.1/dynamicFeature.xsd
     [sync] Copying base-xsd/niem/external/ogc/iso/19139/20070417/gmd/metadataEntity.xsd to /home/g/g-dev/soi-messaging/tsoa-track/drop-latest-iepd/target/base-xsd/niem/external/ogc/iso/19139/20070417/gmd/metadataEntity.xsd
     [sync] Copying base-xsd/niem/external/ogc/gml/3.2.1/feature.xsd to /home/g/g-dev/soi-messaging/tsoa-track/drop-latest-iepd/target/base-xsd/niem/external/ogc/gml/3.2.1/feature.xsd
     [sync] Copying base-xsd/niem/external/ogc/iso/19139/20070417/gmx/catalogues.xsd to /home/g/g-dev/soi-messaging/tsoa-track/drop-latest-iepd/target/base-xsd/niem/external/ogc/iso/19139/20070417/gmx/catalogues.xsd
     [sync] Copying base-xsd/ic-ism/CVE/Schema/fgdc/schema/address/addr_type.xsd to /home/g/g-dev/soi-messaging/tsoa-track/drop-latest-iepd/target/base-xsd/ic-ism/CVE/Schema/fgdc/schema/address/addr_type.xsd
     [sync] Copying base-xsd/ic-ism/CVE/Schema/w3/2008/09/xsd.xsl to /home/g/g-dev/soi-messaging/tsoa-track/drop-latest-iepd/target/base-xsd/ic-ism/CVE/Schema/w3/2008/09/xsd.xsl
     [sync] Copying base-xsd/ic-ism/CVE/Schema/DDMS/DDMS-GeospatialCoverage.xsd to /home/g/g-dev/soi-messaging/tsoa-track/drop-latest-iepd/target/base-xsd/ic-ism/CVE/Schema/DDMS/DDMS-GeospatialCoverage.xsd
     [sync] Copying base-xsd/ic-ism/CVE/Schema/ISMCAT/CVEGenerated/CVEnumISMCATFGIProtected.xsd to /home/g/g-dev/soi-messaging/tsoa-track/drop-latest-iepd/target/base-xsd/ic-ism/CVE/Schema/ISMCAT/CVEGenerated/CVEnumISMCATFGIProtected.xsd
     [sync] Copying base-xsd/niem/external/ogc/xlink/1.0.0/ReadMe.txt to /home/g/g-dev/soi-messaging/tsoa-track/drop-latest-iepd/target/base-xsd/niem/external/ogc/xlink/1.0.0/ReadMe.txt
     [sync] Copying base-xsd/ic-ism/CVE/Schema/iso/19139/20070417/gmd/spatialRepresentation.xsd to /home/g/g-dev/soi-messaging/tsoa-track/drop-latest-iepd/target/base-xsd/ic-ism/CVE/Schema/iso/19139/20070417/gmd/spatialRepresentation.xsd
     [sync] Copying base-xsd/ic-ism/CVE/Schema/ISM/CVEGenerated/CVEnumISMDissem.xsd to /home/g/g-dev/soi-messaging/tsoa-track/drop-latest-iepd/target/base-xsd/ic-ism/CVE/Schema/ISM/CVEGenerated/CVEnumISMDissem.xsd
     [sync] Copying base-xsd/ic-ism/CVE/Schema/ogc/gml/3.2.1/coordinateReferenceSystems.xsd to /home/g/g-dev/soi-messaging/tsoa-track/drop-latest-iepd/target/base-xsd/ic-ism/CVE/Schema/ogc/gml/3.2.1/coordinateReferenceSystems.xsd
     [sync] Copying base-xsd/ic-ism/CVE/Schema/ogc/gml/3.2.1/measures.xsd to /home/g/g-dev/soi-messaging/tsoa-track/drop-latest-iepd/target/base-xsd/ic-ism/CVE/Schema/ogc/gml/3.2.1/measures.xsd
     [sync] Copying base-xsd/niem/external/ogc/iso/19139/20070417/gsr/spatialReferencing.xsd to /home/g/g-dev/soi-messaging/tsoa-track/drop-latest-iepd/target/base-xsd/niem/external/ogc/iso/19139/20070417/gsr/spatialReferencing.xsd
     [sync] Copying base-xsd/ic-ism/CVE/Schema/iso/19139/20070417/gts/temporalObjects.xsd to /home/g/g-dev/soi-messaging/tsoa-track/drop-latest-iepd/target/base-xsd/ic-ism/CVE/Schema/iso/19139/20070417/gts/temporalObjects.xsd
     [sync] Copying base-xsd/niem/external/ogc/gml/3.2.1/geometryPrimitives.xsd to /home/g/g-dev/soi-messaging/tsoa-track/drop-latest-iepd/target/base-xsd/niem/external/ogc/gml/3.2.1/geometryPrimitives.xsd
     [sync] Copying base-xsd/extension/tsoaappinfo.xsd to /home/g/g-dev/soi-messaging/tsoa-track/drop-latest-iepd/target/base-xsd/extension/tsoaappinfo.xsd
     [sync] Copying base-xsd/niem/external/ogc/iso/19139/20070417/gmd/dataQuality.xsd to /home/g/g-dev/soi-messaging/tsoa-track/drop-latest-iepd/target/base-xsd/niem/external/ogc/iso/19139/20070417/gmd/dataQuality.xsd
     [sync] Copying base-xsd/niem/external/ogc/gml/3.2.1/geometryBasic2d.xsd to /home/g/g-dev/soi-messaging/tsoa-track/drop-latest-iepd/target/base-xsd/niem/external/ogc/gml/3.2.1/geometryBasic2d.xsd
     [sync] Copying base-xsd/niem/external/ogc/iso/19139/20070417/resources/Codelist/gmxCodelists.xml to /home/g/g-dev/soi-messaging/tsoa-track/drop-latest-iepd/target/base-xsd/niem/external/ogc/iso/19139/20070417/resources/Codelist/gmxCodelists.xml
     [sync] Copying base-xsd/ic-ism/CVE/Schema/ogc/gml/3.2.1/grids.xsd to /home/g/g-dev/soi-messaging/tsoa-track/drop-latest-iepd/target/base-xsd/ic-ism/CVE/Schema/ogc/gml/3.2.1/grids.xsd
     [sync] Copying base-xsd/ic-ism/CVE/Schema/iso/19139/20070417/gmd/metadataExtension.xsd to /home/g/g-dev/soi-messaging/tsoa-track/drop-latest-iepd/target/base-xsd/ic-ism/CVE/Schema/iso/19139/20070417/gmd/metadataExtension.xsd
     [sync] Copying base-xsd/ic-ism/CVE/Schema/ogc/gml/3.2.1/datums.xsd to /home/g/g-dev/soi-messaging/tsoa-track/drop-latest-iepd/target/base-xsd/ic-ism/CVE/Schema/ogc/gml/3.2.1/datums.xsd
     [sync] Copying base-xsd/niem/external/ogc/gml/3.2.1/SchematronConstraints.xml to /home/g/g-dev/soi-messaging/tsoa-track/drop-latest-iepd/target/base-xsd/niem/external/ogc/gml/3.2.1/SchematronConstraints.xml
     [sync] Copying base-xsd/ic-ism/CVE/Schema/ISMCAT/SchemaGuideSchema.xsd to /home/g/g-dev/soi-messaging/tsoa-track/drop-latest-iepd/target/base-xsd/ic-ism/CVE/Schema/ISMCAT/SchemaGuideSchema.xsd
     [sync] Copying base-xsd/ic-ism/CVE/Schema/ogc/gml/3.3/linearRef.xsd to /home/g/g-dev/soi-messaging/tsoa-track/drop-latest-iepd/target/base-xsd/ic-ism/CVE/Schema/ogc/gml/3.3/linearRef.xsd
     [sync] Copying base-xsd/extension/instance1.xml to /home/g/g-dev/soi-messaging/tsoa-track/drop-latest-iepd/target/base-xsd/extension/instance1.xml
     [sync] Copying base-xsd/niem/external/ogc/iso/19139/20070417/resources/uom/ML_gmxUom.xml to /home/g/g-dev/soi-messaging/tsoa-track/drop-latest-iepd/target/base-xsd/niem/external/ogc/iso/19139/20070417/resources/uom/ML_gmxUom.xml
     [sync] Copying base-xsd/ic-ism/CVE/Schema/ogc/gml/3.3/tin.xsd to /home/g/g-dev/soi-messaging/tsoa-track/drop-latest-iepd/target/base-xsd/ic-ism/CVE/Schema/ogc/gml/3.3/tin.xsd
     [sync] Copying base-xsd/niem/external/ogc/ols/1.1.0/dhs-gmo/2.1.0/ols.xsd to /home/g/g-dev/soi-messaging/tsoa-track/drop-latest-iepd/target/base-xsd/niem/external/ogc/ols/1.1.0/dhs-gmo/2.1.0/ols.xsd
     [sync] Copying base-xsd/ic-ism/CVE/Schema/ogc/gml/3.2.1/topology.xsd to /home/g/g-dev/soi-messaging/tsoa-track/drop-latest-iepd/target/base-xsd/ic-ism/CVE/Schema/ogc/gml/3.2.1/topology.xsd
     [sync] Copying base-xsd/ic-ism/CVE/Schema/ISM/CVEGenerated/CVEnumISMAtomicEnergyMarkings.xsd to /home/g/g-dev/soi-messaging/tsoa-track/drop-latest-iepd/target/base-xsd/ic-ism/CVE/Schema/ISM/CVEGenerated/CVEnumISMAtomicEnergyMarkings.xsd
     [sync] Copying base-xsd/niem/external/ogc/iso/19139/20070417/gmx/gmxUsage.xsd to /home/g/g-dev/soi-messaging/tsoa-track/drop-latest-iepd/target/base-xsd/niem/external/ogc/iso/19139/20070417/gmx/gmxUsage.xsd
     [sync] Copying base-xsd/ic-ism/CVE/Schema/ogc/gml/3.2.1/geometryComplexes.xsd to /home/g/g-dev/soi-messaging/tsoa-track/drop-latest-iepd/target/base-xsd/ic-ism/CVE/Schema/ogc/gml/3.2.1/geometryComplexes.xsd
     [sync] Copying base-xsd/niem/external/ogc/iso/19139/20070417/gmd/identification.xsd to /home/g/g-dev/soi-messaging/tsoa-track/drop-latest-iepd/target/base-xsd/niem/external/ogc/iso/19139/20070417/gmd/identification.xsd
     [sync] Copying base-xsd/ic-ism/CVE/Schema/ISM/CVEGenerated/CVEnumISMNotice.xsd to /home/g/g-dev/soi-messaging/tsoa-track/drop-latest-iepd/target/base-xsd/ic-ism/CVE/Schema/ISM/CVEGenerated/CVEnumISMNotice.xsd
     [sync] Copying base-xsd/niem/external/ogc/iso/19139/20070417/gco/basicTypes.xsd to /home/g/g-dev/soi-messaging/tsoa-track/drop-latest-iepd/target/base-xsd/niem/external/ogc/iso/19139/20070417/gco/basicTypes.xsd
     [sync] Copying base-xsd/ic-ism/CVE/Schema/iso/19112/BP_2012/dictionaries/gsipCodelistGeoIdentifierNameTypeCodeDictionary.xml to /home/g/g-dev/soi-messaging/tsoa-track/drop-latest-iepd/target/base-xsd/ic-ism/CVE/Schema/iso/19112/BP_2012/dictionaries/gsipCodelistGeoIdentifierNameTypeCodeDictionary.xml
     [sync] Copying base-xsd/ic-ism/CVE/Schema/ogc/gml/3.3/linearRefOffsetVector.xsd to /home/g/g-dev/soi-messaging/tsoa-track/drop-latest-iepd/target/base-xsd/ic-ism/CVE/Schema/ogc/gml/3.3/linearRefOffsetVector.xsd
     [sync] Copying base-xsd/niem/external/ogc/xml-catalog.xml to /home/g/g-dev/soi-messaging/tsoa-track/drop-latest-iepd/target/base-xsd/niem/external/ogc/xml-catalog.xml
     [sync] Copying base-xsd/ic-ism/CVE/Schema/ogc/gml/3.3/linearRefTowardsReferent.xsd to /home/g/g-dev/soi-messaging/tsoa-track/drop-latest-iepd/target/base-xsd/ic-ism/CVE/Schema/ogc/gml/3.3/linearRefTowardsReferent.xsd
     [sync] Copying base-xsd/ic-ism/CVE/Schema/ISM/CVEGenerated/CVEnumISMSCIControls.xsd to /home/g/g-dev/soi-messaging/tsoa-track/drop-latest-iepd/target/base-xsd/ic-ism/CVE/Schema/ISM/CVEGenerated/CVEnumISMSCIControls.xsd
     [sync] Copying base-xsd/ic-ism/CVE/Schema/iso/19139/20070417/gmx/crsItem.xsd to /home/g/g-dev/soi-messaging/tsoa-track/drop-latest-iepd/target/base-xsd/ic-ism/CVE/Schema/iso/19139/20070417/gmx/crsItem.xsd
     [sync] Copying base-xsd/niem/external/ogc/iso/19139/20070417/gmd/citation.xsd to /home/g/g-dev/soi-messaging/tsoa-track/drop-latest-iepd/target/base-xsd/niem/external/ogc/iso/19139/20070417/gmd/citation.xsd
     [sync] Copying base-xsd/niem/external/ogc/iso/19139/20070417/resources/Codelist/tcCodelists.xml to /home/g/g-dev/soi-messaging/tsoa-track/drop-latest-iepd/target/base-xsd/niem/external/ogc/iso/19139/20070417/resources/Codelist/tcCodelists.xml
     [sync] Copying base-xsd/ic-ism/CVE/Schema/ISM/IC-ISM.xsd to /home/g/g-dev/soi-messaging/tsoa-track/drop-latest-iepd/target/base-xsd/ic-ism/CVE/Schema/ISM/IC-ISM.xsd
     [sync] Copying base-xsd/ic-ism/CVE/Schema/ogc/gml/3.2.1/gmlBase.xsd to /home/g/g-dev/soi-messaging/tsoa-track/drop-latest-iepd/target/base-xsd/ic-ism/CVE/Schema/ogc/gml/3.2.1/gmlBase.xsd
     [sync] Copying base-xsd/ic-ism/CVE/Schema/ogc/gml/3.2.1/direction.xsd to /home/g/g-dev/soi-messaging/tsoa-track/drop-latest-iepd/target/base-xsd/ic-ism/CVE/Schema/ogc/gml/3.2.1/direction.xsd
     [sync] Copying base-xsd/niem/external/ogc/gml/3.2.1/geometryBasic0d1d.xsd to /home/g/g-dev/soi-messaging/tsoa-track/drop-latest-iepd/target/base-xsd/niem/external/ogc/gml/3.2.1/geometryBasic0d1d.xsd
     [sync] Copying base-xsd/niem/external/ogc/gml/3.2.1/referenceSystems.xsd to /home/g/g-dev/soi-messaging/tsoa-track/drop-latest-iepd/target/base-xsd/niem/external/ogc/gml/3.2.1/referenceSystems.xsd
     [sync] Copying base-xsd/niem/external/ogc/gml/3.2.1/datums.xsd to /home/g/g-dev/soi-messaging/tsoa-track/drop-latest-iepd/target/base-xsd/niem/external/ogc/gml/3.2.1/datums.xsd
     [sync] Copying base-xsd/niem/external/ogc/iso/19139/20070417/gsr/gsr.xsd to /home/g/g-dev/soi-messaging/tsoa-track/drop-latest-iepd/target/base-xsd/niem/external/ogc/iso/19139/20070417/gsr/gsr.xsd
     [sync] Copying base-xsd/ic-ism/CVE/Schema/ogc/gml/3.2.1/gml.xsd to /home/g/g-dev/soi-messaging/tsoa-track/drop-latest-iepd/target/base-xsd/ic-ism/CVE/Schema/ogc/gml/3.2.1/gml.xsd
     [sync] Copying base-xsd/ic-ism/CVE/Schema/ogc/gml/3.3/iso8601.sch to /home/g/g-dev/soi-messaging/tsoa-track/drop-latest-iepd/target/base-xsd/ic-ism/CVE/Schema/ogc/gml/3.3/iso8601.sch
     [sync] Copying base-xsd/niem/external/ogc/gml/3.2.1/temporalReferenceSystems.xsd to /home/g/g-dev/soi-messaging/tsoa-track/drop-latest-iepd/target/base-xsd/niem/external/ogc/gml/3.2.1/temporalReferenceSystems.xsd
     [sync] Copying base-xsd/niem/external/ogc/iso/19139/20070417/gmd/maintenance.xsd to /home/g/g-dev/soi-messaging/tsoa-track/drop-latest-iepd/target/base-xsd/niem/external/ogc/iso/19139/20070417/gmd/maintenance.xsd
     [sync] Copying base-xsd/niem/external/ogc/iso/19139/20070417/gmd/spatialRepresentation.xsd to /home/g/g-dev/soi-messaging/tsoa-track/drop-latest-iepd/target/base-xsd/niem/external/ogc/iso/19139/20070417/gmd/spatialRepresentation.xsd
     [sync] Copying base-xsd/ic-ism/CVE/Schema/ogc/gml/3.3/geometryCompact.xsd to /home/g/g-dev/soi-messaging/tsoa-track/drop-latest-iepd/target/base-xsd/ic-ism/CVE/Schema/ogc/gml/3.3/geometryCompact.xsd
     [sync] Copying base-xsd/ic-ism/CVE/Schema/ogc/gml/3.3/extdBaseTypes.xsd to /home/g/g-dev/soi-messaging/tsoa-track/drop-latest-iepd/target/base-xsd/ic-ism/CVE/Schema/ogc/gml/3.3/extdBaseTypes.xsd
     [sync] Copying base-xsd/ic-ism/CVE/Schema/iso/19139/20070417/gmd/ReadMe.txt to /home/g/g-dev/soi-messaging/tsoa-track/drop-latest-iepd/target/base-xsd/ic-ism/CVE/Schema/iso/19139/20070417/gmd/ReadMe.txt
     [sync] Copying base-xsd/ic-ism/CVE/Schema/VIRT/VIRT.xsd to /home/g/g-dev/soi-messaging/tsoa-track/drop-latest-iepd/target/base-xsd/ic-ism/CVE/Schema/VIRT/VIRT.xsd
     [sync] Copying base-xsd/ic-ism/CVE/Schema/ogc/gml/3.2.1/geometryBasic2d.xsd to /home/g/g-dev/soi-messaging/tsoa-track/drop-latest-iepd/target/base-xsd/ic-ism/CVE/Schema/ogc/gml/3.2.1/geometryBasic2d.xsd
     [sync] Copying base-xsd/ic-ism/CVE/Schema/iso/19139/20070417/resources/crs/ML_gmxCrs.xml to /home/g/g-dev/soi-messaging/tsoa-track/drop-latest-iepd/target/base-xsd/ic-ism/CVE/Schema/iso/19139/20070417/resources/crs/ML_gmxCrs.xml
     [sync] Copying base-xsd/ic-ism/CVE/Schema/ogc/gml/3.2.1/gml_32_geometries.rdf to /home/g/g-dev/soi-messaging/tsoa-track/drop-latest-iepd/target/base-xsd/ic-ism/CVE/Schema/ogc/gml/3.2.1/gml_32_geometries.rdf
     [sync] Copying base-xsd/niem/external/ogc/xlink/1.0.0/xlinks.xsd to /home/g/g-dev/soi-messaging/tsoa-track/drop-latest-iepd/target/base-xsd/niem/external/ogc/xlink/1.0.0/xlinks.xsd
     [sync] Copying base-xsd/ic-ism/CVE/Schema/iso/19139/20070417/gmd/distribution.xsd to /home/g/g-dev/soi-messaging/tsoa-track/drop-latest-iepd/target/base-xsd/ic-ism/CVE/Schema/iso/19139/20070417/gmd/distribution.xsd
     [sync] Copying base-xsd/ic-ism/CVE/Schema/iso/19139/20070417/gts/gts.xsd to /home/g/g-dev/soi-messaging/tsoa-track/drop-latest-iepd/target/base-xsd/ic-ism/CVE/Schema/iso/19139/20070417/gts/gts.xsd
     [sync] Copying base-xsd/ic-ism/CVE/Schema/iso/19139/20070417/gmx/codelistItem.xsd to /home/g/g-dev/soi-messaging/tsoa-track/drop-latest-iepd/target/base-xsd/ic-ism/CVE/Schema/iso/19139/20070417/gmx/codelistItem.xsd
     [sync] Copying base-xsd/niem/external/ogc/iso/19139/ReadMe.txt to /home/g/g-dev/soi-messaging/tsoa-track/drop-latest-iepd/target/base-xsd/niem/external/ogc/iso/19139/ReadMe.txt
     [sync] Copying base-xsd/niem/external/ogc/iso/19139/20070417/resources/uom/gmxUom.xml to /home/g/g-dev/soi-messaging/tsoa-track/drop-latest-iepd/target/base-xsd/niem/external/ogc/iso/19139/20070417/resources/uom/gmxUom.xml
     [sync] Copying base-xsd/ic-ism/CVE/Schema/iso/19139/20070417/gco/gcoBase.xsd to /home/g/g-dev/soi-messaging/tsoa-track/drop-latest-iepd/target/base-xsd/ic-ism/CVE/Schema/iso/19139/20070417/gco/gcoBase.xsd
     [sync] Copying base-xsd/ic-ism/CVE/Schema/iso/19139/20070417/gmx/extendedTypes.xsd to /home/g/g-dev/soi-messaging/tsoa-track/drop-latest-iepd/target/base-xsd/ic-ism/CVE/Schema/iso/19139/20070417/gmx/extendedTypes.xsd
     [sync] Copying base-xsd/niem/external/ogc/gml/3.2.1/units.xsd to /home/g/g-dev/soi-messaging/tsoa-track/drop-latest-iepd/target/base-xsd/niem/external/ogc/gml/3.2.1/units.xsd
     [sync] Copying base-xsd/ic-ism/CVE/Schema/DDMS/DDMS-Globals.xsd to /home/g/g-dev/soi-messaging/tsoa-track/drop-latest-iepd/target/base-xsd/ic-ism/CVE/Schema/DDMS/DDMS-Globals.xsd
     [sync] Copying base-xsd/ic-ism/CVE/Schema/iso/19139/20070417/resources/example/fr-fr.xml to /home/g/g-dev/soi-messaging/tsoa-track/drop-latest-iepd/target/base-xsd/ic-ism/CVE/Schema/iso/19139/20070417/resources/example/fr-fr.xml
     [sync] Copying base-xsd/niem/external/ogc/iso/19139/20070417/gmx/crsItem.xsd to /home/g/g-dev/soi-messaging/tsoa-track/drop-latest-iepd/target/base-xsd/niem/external/ogc/iso/19139/20070417/gmx/crsItem.xsd
     [sync] Copying base-xsd/niem/external/ogc/gml/3.2.1/geometryAggregates.xsd to /home/g/g-dev/soi-messaging/tsoa-track/drop-latest-iepd/target/base-xsd/niem/external/ogc/gml/3.2.1/geometryAggregates.xsd
     [sync] Copying base-xsd/ic-ism/CVE/Schema/ogc/gml/3.2.1/coordinateSystems.xsd to /home/g/g-dev/soi-messaging/tsoa-track/drop-latest-iepd/target/base-xsd/ic-ism/CVE/Schema/ogc/gml/3.2.1/coordinateSystems.xsd
     [sync] Copying base-xsd/extension/Event.xsd to /home/g/g-dev/soi-messaging/tsoa-track/drop-latest-iepd/target/base-xsd/extension/Event.xsd
     [sync] Copying base-xsd/ic-ism/CVE/Schema/iso/19139/20070417/gss/geometry.xsd to /home/g/g-dev/soi-messaging/tsoa-track/drop-latest-iepd/target/base-xsd/ic-ism/CVE/Schema/iso/19139/20070417/gss/geometry.xsd
     [sync] Copying base-xsd/niem/external/ogc/iso/19139/20070417/resources/example/fr-fr.xml to /home/g/g-dev/soi-messaging/tsoa-track/drop-latest-iepd/target/base-xsd/niem/external/ogc/iso/19139/20070417/resources/example/fr-fr.xml
     [sync] Removed 51 dangling directories from /home/g/g-dev/soi-messaging/tsoa-track/drop-latest-iepd/target
     [sync] Removed 92 dangling files from /home/g/g-dev/soi-messaging/tsoa-track/drop-latest-iepd/target
     [echo] git status
     [exec] # On branch master
     [exec] # Changes not staged for commit:
     [exec] #   (use "git add/rm <file>..." to update what will be committed)
     [exec] #   (use "git checkout -- <file>..." to discard changes in working directory)
     [exec] #
     [exec] #	modified:   base-xsd/extension/Event.xsd
     [exec] #	modified:   base-xsd/extension/Library.xsd
     [exec] #	modified:   base-xsd/extension/Track.xsd
     [exec] #	modified:   base-xsd/extension/TrackInfo.xsd
     [exec] #	modified:   base-xsd/extension/Unit.xsd
     [exec] #	modified:   base-xsd/niem/domains/militaryOperations/3.2/mo.xsd
     [exec] #	modified:   base-xsd/niem/niem-core/3.0/niem-core.xsd
     [exec] #	deleted:    base-xsd/niem/niem-core/appinfo/3.0/appinfo.xsd
     [exec] #	deleted:    base-xsd/niem/niem-core/codes/nga_datum/3.0/nga_datum.xsd
     [exec] #	deleted:    base-xsd/niem/niem-core/codes/unece_rec20/3.0/unece_rec20-misc.xsd
     [exec] #	deleted:    base-xsd/niem/niem-core/conformanceTargets/3.0/conformanceTargets.xsd
     [exec] #	deleted:    base-xsd/niem/niem-core/domains/cbrn/3.2/cbrn.xsd
     [exec] #	deleted:    base-xsd/niem/niem-core/domains/jxdm/5.2/jxdm.xsd
     [exec] #	deleted:    base-xsd/niem/niem-core/domains/maritime/3.2/maritime.xsd
     [exec] #	deleted:    base-xsd/niem/niem-core/domains/militaryOperations/3.2/mo.xsd
     [exec] #	deleted:    base-xsd/niem/niem-core/external/ogc/gml/3.2.1/ReadMe.txt
     [exec] #	deleted:    base-xsd/niem/niem-core/external/ogc/gml/3.2.1/SchematronConstraints.xml
     [exec] #	deleted:    base-xsd/niem/niem-core/external/ogc/gml/3.2.1/basicTypes.xsd
     [exec] #	deleted:    base-xsd/niem/niem-core/external/ogc/gml/3.2.1/coordinateOperations.xsd
     [exec] #	deleted:    base-xsd/niem/niem-core/external/ogc/gml/3.2.1/coordinateReferenceSystems.xsd
     [exec] #	deleted:    base-xsd/niem/niem-core/external/ogc/gml/3.2.1/coordinateSystems.xsd
     [exec] #	deleted:    base-xsd/niem/niem-core/external/ogc/gml/3.2.1/coverage.xsd
     [exec] #	deleted:    base-xsd/niem/niem-core/external/ogc/gml/3.2.1/datums.xsd
     [exec] #	deleted:    base-xsd/niem/niem-core/external/ogc/gml/3.2.1/deprecatedTypes.xsd
     [exec] #	deleted:    base-xsd/niem/niem-core/external/ogc/gml/3.2.1/dictionary.xsd
     [exec] #	deleted:    base-xsd/niem/niem-core/external/ogc/gml/3.2.1/direction.xsd
     [exec] #	deleted:    base-xsd/niem/niem-core/external/ogc/gml/3.2.1/dynamicFeature.xsd
     [exec] #	deleted:    base-xsd/niem/niem-core/external/ogc/gml/3.2.1/feature.xsd
     [exec] #	deleted:    base-xsd/niem/niem-core/external/ogc/gml/3.2.1/geometryAggregates.xsd
     [exec] #	deleted:    base-xsd/niem/niem-core/external/ogc/gml/3.2.1/geometryBasic0d1d.xsd
     [exec] #	deleted:    base-xsd/niem/niem-core/external/ogc/gml/3.2.1/geometryBasic2d.xsd
     [exec] #	deleted:    base-xsd/niem/niem-core/external/ogc/gml/3.2.1/geometryComplexes.xsd
     [exec] #	deleted:    base-xsd/niem/niem-core/external/ogc/gml/3.2.1/geometryPrimitives.xsd
     [exec] #	deleted:    base-xsd/niem/niem-core/external/ogc/gml/3.2.1/gml.xsd
     [exec] #	deleted:    base-xsd/niem/niem-core/external/ogc/gml/3.2.1/gmlBase.xsd
     [exec] #	deleted:    base-xsd/niem/niem-core/external/ogc/gml/3.2.1/grids.xsd
     [exec] #	deleted:    base-xsd/niem/niem-core/external/ogc/gml/3.2.1/measures.xsd
     [exec] #	deleted:    base-xsd/niem/niem-core/external/ogc/gml/3.2.1/observation.xsd
     [exec] #	deleted:    base-xsd/niem/niem-core/external/ogc/gml/3.2.1/referenceSystems.xsd
     [exec] #	deleted:    base-xsd/niem/niem-core/external/ogc/gml/3.2.1/temporal.xsd
     [exec] #	deleted:    base-xsd/niem/niem-core/external/ogc/gml/3.2.1/temporalReferenceSystems.xsd
     [exec] #	deleted:    base-xsd/niem/niem-core/external/ogc/gml/3.2.1/temporalTopology.xsd
     [exec] #	deleted:    base-xsd/niem/niem-core/external/ogc/gml/3.2.1/topology.xsd
     [exec] #	deleted:    base-xsd/niem/niem-core/external/ogc/gml/3.2.1/units.xsd
     [exec] #	deleted:    base-xsd/niem/niem-core/external/ogc/gml/3.2.1/valueObjects.xsd
     [exec] #	deleted:    base-xsd/niem/niem-core/external/ogc/iso/19139/20070417/ReadMe.txt
     [exec] #	deleted:    base-xsd/niem/niem-core/external/ogc/iso/19139/20070417/gco/basicTypes.xsd
     [exec] #	deleted:    base-xsd/niem/niem-core/external/ogc/iso/19139/20070417/gco/gco.xsd
     [exec] #	deleted:    base-xsd/niem/niem-core/external/ogc/iso/19139/20070417/gco/gcoBase.xsd
     [exec] #	deleted:    base-xsd/niem/niem-core/external/ogc/iso/19139/20070417/gmd/applicationSchema.xsd
     [exec] #	deleted:    base-xsd/niem/niem-core/external/ogc/iso/19139/20070417/gmd/citation.xsd
     [exec] #	deleted:    base-xsd/niem/niem-core/external/ogc/iso/19139/20070417/gmd/constraints.xsd
     [exec] #	deleted:    base-xsd/niem/niem-core/external/ogc/iso/19139/20070417/gmd/content.xsd
     [exec] #	deleted:    base-xsd/niem/niem-core/external/ogc/iso/19139/20070417/gmd/dataQuality.xsd
     [exec] #	deleted:    base-xsd/niem/niem-core/external/ogc/iso/19139/20070417/gmd/distribution.xsd
     [exec] #	deleted:    base-xsd/niem/niem-core/external/ogc/iso/19139/20070417/gmd/extent.xsd
     [exec] #	deleted:    base-xsd/niem/niem-core/external/ogc/iso/19139/20070417/gmd/freeText.xsd
     [exec] #	deleted:    base-xsd/niem/niem-core/external/ogc/iso/19139/20070417/gmd/gmd.xsd
     [exec] #	deleted:    base-xsd/niem/niem-core/external/ogc/iso/19139/20070417/gmd/identification.xsd
     [exec] #	deleted:    base-xsd/niem/niem-core/external/ogc/iso/19139/20070417/gmd/maintenance.xsd
     [exec] #	deleted:    base-xsd/niem/niem-core/external/ogc/iso/19139/20070417/gmd/metadataApplication.xsd
     [exec] #	deleted:    base-xsd/niem/niem-core/external/ogc/iso/19139/20070417/gmd/metadataEntity.xsd
     [exec] #	deleted:    base-xsd/niem/niem-core/external/ogc/iso/19139/20070417/gmd/metadataExtension.xsd
     [exec] #	deleted:    base-xsd/niem/niem-core/external/ogc/iso/19139/20070417/gmd/portrayalCatalogue.xsd
     [exec] #	deleted:    base-xsd/niem/niem-core/external/ogc/iso/19139/20070417/gmd/referenceSystem.xsd
     [exec] #	deleted:    base-xsd/niem/niem-core/external/ogc/iso/19139/20070417/gmd/spatialRepresentation.xsd
     [exec] #	deleted:    base-xsd/niem/niem-core/external/ogc/iso/19139/20070417/gmx/catalogues.xsd
     [exec] #	deleted:    base-xsd/niem/niem-core/external/ogc/iso/19139/20070417/gmx/codelistItem.xsd
     [exec] #	deleted:    base-xsd/niem/niem-core/external/ogc/iso/19139/20070417/gmx/crsItem.xsd
     [exec] #	deleted:    base-xsd/niem/niem-core/external/ogc/iso/19139/20070417/gmx/extendedTypes.xsd
     [exec] #	deleted:    base-xsd/niem/niem-core/external/ogc/iso/19139/20070417/gmx/gmx.xsd
     [exec] #	deleted:    base-xsd/niem/niem-core/external/ogc/iso/19139/20070417/gmx/gmxUsage.xsd
     [exec] #	deleted:    base-xsd/niem/niem-core/external/ogc/iso/19139/20070417/gmx/uomItem.xsd
     [exec] #	deleted:    base-xsd/niem/niem-core/external/ogc/iso/19139/20070417/gsr/gsr.xsd
     [exec] #	deleted:    base-xsd/niem/niem-core/external/ogc/iso/19139/20070417/gsr/spatialReferencing.xsd
     [exec] #	deleted:    base-xsd/niem/niem-core/external/ogc/iso/19139/20070417/gss/geometry.xsd
     [exec] #	deleted:    base-xsd/niem/niem-core/external/ogc/iso/19139/20070417/gss/gss.xsd
     [exec] #	deleted:    base-xsd/niem/niem-core/external/ogc/iso/19139/20070417/gts/gts.xsd
     [exec] #	deleted:    base-xsd/niem/niem-core/external/ogc/iso/19139/20070417/gts/temporalObjects.xsd
     [exec] #	deleted:    base-xsd/niem/niem-core/external/ogc/iso/19139/20070417/resources/Codelist/ML_gmxCodelists.xml
     [exec] #	deleted:    base-xsd/niem/niem-core/external/ogc/iso/19139/20070417/resources/Codelist/gmxCodelists.20080911.xml
     [exec] #	deleted:    base-xsd/niem/niem-core/external/ogc/iso/19139/20070417/resources/Codelist/gmxCodelists.xml
     [exec] #	deleted:    base-xsd/niem/niem-core/external/ogc/iso/19139/20070417/resources/Codelist/tcCodelists.xml
     [exec] #	deleted:    base-xsd/niem/niem-core/external/ogc/iso/19139/20070417/resources/crs/ML_gmxCrs.xml
     [exec] #	deleted:    base-xsd/niem/niem-core/external/ogc/iso/19139/20070417/resources/crs/gmxCrs.xml
     [exec] #	deleted:    base-xsd/niem/niem-core/external/ogc/iso/19139/20070417/resources/example/fr-fr.xml
     [exec] #	deleted:    base-xsd/niem/niem-core/external/ogc/iso/19139/20070417/resources/uom/ML_gmxUom.xml
     [exec] #	deleted:    base-xsd/niem/niem-core/external/ogc/iso/19139/20070417/resources/uom/gmxUom.xml
     [exec] #	deleted:    base-xsd/niem/niem-core/external/ogc/iso/19139/ReadMe.txt
     [exec] #	deleted:    base-xsd/niem/niem-core/external/ogc/ols/1.1.0/dhs-gmo/2.1.0/ols.xsd
     [exec] #	deleted:    base-xsd/niem/niem-core/external/ogc/xlink/1.0.0/ReadMe.txt
     [exec] #	deleted:    base-xsd/niem/niem-core/external/ogc/xlink/1.0.0/xlinks.xsd
     [exec] #	deleted:    base-xsd/niem/niem-core/external/ogc/xml-catalog.xml
     [exec] #	deleted:    base-xsd/niem/niem-core/localTerminology/3.0/localTerminology.xsd
     [exec] #	deleted:    base-xsd/niem/niem-core/niem-core/3.0/niem-core.xsd
     [exec] #	deleted:    base-xsd/niem/niem-core/proxy/xsd/3.0/xs.xsd
     [exec] #	deleted:    base-xsd/niem/niem-core/structures/3.0/structures.xsd
     [exec] #	deleted:    base-xsd/niem/niem-core/wantlist.xml
     [exec] #	deleted:    base-xsd/niem/niem-core/xml-catalog.xml
     [exec] #	modified:   base-xsd/niem/wantlist.xml
     [exec] #	modified:   sample-xml/Unit.xml
     [exec] #	modified:   sample-xml/Unit_All.xml
     [exec] #	deleted:    sync-source-to-target.log
     [exec] #
     [exec] # Untracked files:
     [exec] #   (use "git add <file>..." to include in what will be committed)
     [exec] #
     [exec] #	base-xsd/extension/instance1.xml
     [exec] no changes added to commit (use "git add" and/or "git commit -a")

BUILD SUCCESSFUL
Total time: 1 second
